2015-05-05 19:29:27 Error: [MissingControllerException] Controller class AuthController could not be found.
Exception Attributes: array (
  'class' => 'AuthController',
  'plugin' => NULL,
)
Request URL: /auth/authake/user/login
Stack Trace:
#0 /var/www/test.dev/cakebackend/app/webroot/index.php(118): Dispatcher->dispatch(Object(CakeRequest), Object(CakeResponse))
#1 {main}
2015-05-05 19:29:27 Error: Fatal Error (64): Cannot redeclare AppController::$components in [/var/www/test.dev/cakebackend/app/Controller/AppController.php, line 37]
2015-05-05 19:29:27 Error: [FatalErrorException] Cannot redeclare AppController::$components
Request URL: /auth/authake/user/login
Stack Trace:
#0 /var/www/test.dev/cakebackend/lib/Cake/Error/ErrorHandler.php(203): ErrorHandler::handleFatalError(64, 'Cannot redeclar...', '/var/www/test.d...', 37)
#1 [internal function]: ErrorHandler::handleError(64, 'Cannot redeclar...', '/var/www/test.d...', 37, Array)
#2 /var/www/test.dev/cakebackend/lib/Cake/Core/App.php(931): call_user_func('ErrorHandler::h...', 64, 'Cannot redeclar...', '/var/www/test.d...', 37, Array)
#3 /var/www/test.dev/cakebackend/lib/Cake/Core/App.php(904): App::_checkFatalError()
#4 [internal function]: App::shutdown()
#5 {main}
2015-05-05 19:30:57 Error: [MissingControllerException] Controller class AuthController could not be found.
Exception Attributes: array (
  'class' => 'AuthController',
  'plugin' => NULL,
)
Request URL: /auth/authake/user/login
Stack Trace:
#0 /var/www/test.dev/cakebackend/app/webroot/index.php(118): Dispatcher->dispatch(Object(CakeRequest), Object(CakeResponse))
#1 {main}
2015-05-05 19:33:01 Error: [MissingControllerException] Controller class AuthController could not be found.
Exception Attributes: array (
  'class' => 'AuthController',
  'plugin' => NULL,
)
Request URL: /auth/login
Stack Trace:
#0 /var/www/test.dev/cakebackend/app/webroot/index.php(118): Dispatcher->dispatch(Object(CakeRequest), Object(CakeResponse))
#1 {main}
2015-05-05 19:33:05 Error: [MissingControllerException] Controller class AuthController could not be found.
Exception Attributes: array (
  'class' => 'AuthController',
  'plugin' => NULL,
)
Request URL: /auth/login
Stack Trace:
#0 /var/www/test.dev/cakebackend/app/webroot/index.php(118): Dispatcher->dispatch(Object(CakeRequest), Object(CakeResponse))
#1 {main}
2015-05-05 19:33:10 Error: [MissingDatasourceConfigException] The datasource configuration "authake" was not found in database.php
Exception Attributes: array (
  'config' => 'authake',
)
Request URL: /login
Stack Trace:
#0 /var/www/test.dev/cakebackend/lib/Cake/Model/ConnectionManager.php(91): ConnectionManager::_getConnectionObject('authake')
#1 /var/www/test.dev/cakebackend/lib/Cake/Model/Model.php(3613): ConnectionManager::getDataSource('authake')
#2 /var/www/test.dev/cakebackend/lib/Cake/Model/Model.php(1155): Model->setDataSource('authake')
#3 /var/www/test.dev/cakebackend/lib/Cake/Model/Model.php(3640): Model->setSource('authake_rules')
#4 /var/www/test.dev/cakebackend/lib/Cake/Model/Model.php(3018): Model->getDataSource()
#5 /var/www/test.dev/cakebackend/lib/Cake/Model/Model.php(2990): Model->_readDataSource('all', Array)
#6 /var/www/test.dev/cakebackend/app/Plugin/Authake/Model/Rule.php(42): Model->find('all', Array)
#7 /var/www/test.dev/cakebackend/app/Plugin/Authake/Controller/Component/AuthakeComponent.php(252): Rule->getRules(NULL, true)
#8 /var/www/test.dev/cakebackend/app/Plugin/Authake/Controller/Component/AuthakeComponent.php(267): AuthakeComponent->getRules(NULL)
#9 /var/www/test.dev/cakebackend/app/Plugin/Authake/Controller/Component/AuthakeComponent.php(168): AuthakeComponent->isAllowed(Array)
#10 /var/www/test.dev/cakebackend/app/Controller/AppController.php(48): AuthakeComponent->beforeFilter(Object(UserController))
#11 /var/www/test.dev/cakebackend/app/Controller/AppController.php(43): AppController->auth()
#12 /var/www/test.dev/cakebackend/app/Plugin/Authake/Controller/AuthakeAppController.php(37): AppController->beforeFilter()
#13 /var/www/test.dev/cakebackend/app/Plugin/Authake/Controller/UserController.php(542): AuthakeAppController->beforeFilter()
#14 [internal function]: UserController->beforeFilter(Object(CakeEvent))
#15 /var/www/test.dev/cakebackend/lib/Cake/Event/CakeEventManager.php(243): call_user_func(Array, Object(CakeEvent))
#16 /var/www/test.dev/cakebackend/lib/Cake/Controller/Controller.php(676): CakeEventManager->dispatch(Object(CakeEvent))
#17 /var/www/test.dev/cakebackend/lib/Cake/Routing/Dispatcher.php(189): Controller->startupProcess()
#18 /var/www/test.dev/cakebackend/lib/Cake/Routing/Dispatcher.php(167): Dispatcher->_invoke(Object(UserController), Object(CakeRequest))
#19 /var/www/test.dev/cakebackend/app/webroot/index.php(118): Dispatcher->dispatch(Object(CakeRequest), Object(CakeResponse))
#20 {main}
2015-05-05 19:34:52 Error: [MissingDatasourceConfigException] The datasource configuration "authake" was not found in database.php
Exception Attributes: array (
  'config' => 'authake',
)
Request URL: /login
Stack Trace:
#0 /var/www/test.dev/cakebackend/lib/Cake/Model/ConnectionManager.php(91): ConnectionManager::_getConnectionObject('authake')
#1 /var/www/test.dev/cakebackend/lib/Cake/Model/Model.php(3613): ConnectionManager::getDataSource('authake')
#2 /var/www/test.dev/cakebackend/lib/Cake/Model/Model.php(1155): Model->setDataSource('authake')
#3 /var/www/test.dev/cakebackend/lib/Cake/Model/Model.php(3640): Model->setSource('authake_rules')
#4 /var/www/test.dev/cakebackend/lib/Cake/Model/Model.php(3018): Model->getDataSource()
#5 /var/www/test.dev/cakebackend/lib/Cake/Model/Model.php(2990): Model->_readDataSource('all', Array)
#6 /var/www/test.dev/cakebackend/app/Plugin/Authake/Model/Rule.php(42): Model->find('all', Array)
#7 /var/www/test.dev/cakebackend/app/Plugin/Authake/Controller/Component/AuthakeComponent.php(252): Rule->getRules(NULL, true)
#8 /var/www/test.dev/cakebackend/app/Plugin/Authake/Controller/Component/AuthakeComponent.php(267): AuthakeComponent->getRules(NULL)
#9 /var/www/test.dev/cakebackend/app/Plugin/Authake/Controller/Component/AuthakeComponent.php(168): AuthakeComponent->isAllowed(Array)
#10 /var/www/test.dev/cakebackend/app/Controller/AppController.php(48): AuthakeComponent->beforeFilter(Object(UserController))
#11 /var/www/test.dev/cakebackend/app/Controller/AppController.php(43): AppController->auth()
#12 /var/www/test.dev/cakebackend/app/Plugin/Authake/Controller/AuthakeAppController.php(37): AppController->beforeFilter()
#13 /var/www/test.dev/cakebackend/app/Plugin/Authake/Controller/UserController.php(542): AuthakeAppController->beforeFilter()
#14 [internal function]: UserController->beforeFilter(Object(CakeEvent))
#15 /var/www/test.dev/cakebackend/lib/Cake/Event/CakeEventManager.php(243): call_user_func(Array, Object(CakeEvent))
#16 /var/www/test.dev/cakebackend/lib/Cake/Controller/Controller.php(676): CakeEventManager->dispatch(Object(CakeEvent))
#17 /var/www/test.dev/cakebackend/lib/Cake/Routing/Dispatcher.php(189): Controller->startupProcess()
#18 /var/www/test.dev/cakebackend/lib/Cake/Routing/Dispatcher.php(167): Dispatcher->_invoke(Object(UserController), Object(CakeRequest))
#19 /var/www/test.dev/cakebackend/app/webroot/index.php(118): Dispatcher->dispatch(Object(CakeRequest), Object(CakeResponse))
#20 {main}
2015-05-05 19:34:58 Error: [MissingControllerException] Controller class AuthController could not be found.
Exception Attributes: array (
  'class' => 'AuthController',
  'plugin' => NULL,
)
Request URL: /auth/login
Stack Trace:
#0 /var/www/test.dev/cakebackend/app/webroot/index.php(118): Dispatcher->dispatch(Object(CakeRequest), Object(CakeResponse))
#1 {main}
2015-05-05 19:37:21 Error: [MissingControllerException] Controller class AuthController could not be found.
Exception Attributes: array (
  'class' => 'AuthController',
  'plugin' => NULL,
)
Request URL: /auth/authake/user/login
Stack Trace:
#0 /var/www/test.dev/cakebackend/app/webroot/index.php(118): Dispatcher->dispatch(Object(CakeRequest), Object(CakeResponse))
#1 {main}
2015-05-05 19:37:28 Error: [MissingControllerException] Controller class AuthController could not be found.
Exception Attributes: array (
  'class' => 'AuthController',
  'plugin' => NULL,
)
Request URL: /auth/authake/user/login
Stack Trace:
#0 /var/www/test.dev/cakebackend/app/webroot/index.php(118): Dispatcher->dispatch(Object(CakeRequest), Object(CakeResponse))
#1 {main}
2015-05-05 19:40:44 Error: [MissingDatasourceConfigException] The datasource configuration "authake" was not found in database.php
Exception Attributes: array (
  'config' => 'authake',
)
Request URL: /
Stack Trace:
#0 /var/www/test.dev/cakebackend/lib/Cake/Model/ConnectionManager.php(91): ConnectionManager::_getConnectionObject('authake')
#1 /var/www/test.dev/cakebackend/lib/Cake/Model/Model.php(3613): ConnectionManager::getDataSource('authake')
#2 /var/www/test.dev/cakebackend/lib/Cake/Model/Model.php(1155): Model->setDataSource('authake')
#3 /var/www/test.dev/cakebackend/lib/Cake/Model/Model.php(3640): Model->setSource('authake_rules')
#4 /var/www/test.dev/cakebackend/lib/Cake/Model/Model.php(3018): Model->getDataSource()
#5 /var/www/test.dev/cakebackend/lib/Cake/Model/Model.php(2990): Model->_readDataSource('all', Array)
#6 /var/www/test.dev/cakebackend/app/Plugin/Authake/Model/Rule.php(42): Model->find('all', Array)
#7 /var/www/test.dev/cakebackend/app/Plugin/Authake/Controller/Component/AuthakeComponent.php(252): Rule->getRules(NULL, true)
#8 /var/www/test.dev/cakebackend/app/Plugin/Authake/Controller/Component/AuthakeComponent.php(267): AuthakeComponent->getRules(NULL)
#9 /var/www/test.dev/cakebackend/app/Plugin/Authake/Controller/Component/AuthakeComponent.php(168): AuthakeComponent->isAllowed(Array)
#10 /var/www/test.dev/cakebackend/app/Controller/AppController.php(48): AuthakeComponent->beforeFilter(Object(PagesController))
#11 /var/www/test.dev/cakebackend/app/Controller/AppController.php(43): AppController->auth()
#12 [internal function]: AppController->beforeFilter(Object(CakeEvent))
#13 /var/www/test.dev/cakebackend/lib/Cake/Event/CakeEventManager.php(243): call_user_func(Array, Object(CakeEvent))
#14 /var/www/test.dev/cakebackend/lib/Cake/Controller/Controller.php(676): CakeEventManager->dispatch(Object(CakeEvent))
#15 /var/www/test.dev/cakebackend/lib/Cake/Routing/Dispatcher.php(189): Controller->startupProcess()
#16 /var/www/test.dev/cakebackend/lib/Cake/Routing/Dispatcher.php(167): Dispatcher->_invoke(Object(PagesController), Object(CakeRequest))
#17 /var/www/test.dev/cakebackend/app/webroot/index.php(118): Dispatcher->dispatch(Object(CakeRequest), Object(CakeResponse))
#18 {main}
2015-05-05 19:40:59 Error: [MissingDatasourceConfigException] The datasource configuration "authake" was not found in database.php
Exception Attributes: array (
  'config' => 'authake',
)
Request URL: /
Stack Trace:
#0 /var/www/test.dev/cakebackend/lib/Cake/Model/ConnectionManager.php(91): ConnectionManager::_getConnectionObject('authake')
#1 /var/www/test.dev/cakebackend/lib/Cake/Model/Model.php(3613): ConnectionManager::getDataSource('authake')
#2 /var/www/test.dev/cakebackend/lib/Cake/Model/Model.php(1155): Model->setDataSource('authake')
#3 /var/www/test.dev/cakebackend/lib/Cake/Model/Model.php(3640): Model->setSource('authake_rules')
#4 /var/www/test.dev/cakebackend/lib/Cake/Model/Model.php(3018): Model->getDataSource()
#5 /var/www/test.dev/cakebackend/lib/Cake/Model/Model.php(2990): Model->_readDataSource('all', Array)
#6 /var/www/test.dev/cakebackend/app/Plugin/Authake/Model/Rule.php(42): Model->find('all', Array)
#7 /var/www/test.dev/cakebackend/app/Plugin/Authake/Controller/Component/AuthakeComponent.php(252): Rule->getRules(NULL, true)
#8 /var/www/test.dev/cakebackend/app/Plugin/Authake/Controller/Component/AuthakeComponent.php(267): AuthakeComponent->getRules(NULL)
#9 /var/www/test.dev/cakebackend/app/Plugin/Authake/Controller/Component/AuthakeComponent.php(168): AuthakeComponent->isAllowed(Array)
#10 /var/www/test.dev/cakebackend/app/Controller/AppController.php(48): AuthakeComponent->beforeFilter(Object(PagesController))
#11 /var/www/test.dev/cakebackend/app/Controller/AppController.php(43): AppController->auth()
#12 [internal function]: AppController->beforeFilter(Object(CakeEvent))
#13 /var/www/test.dev/cakebackend/lib/Cake/Event/CakeEventManager.php(243): call_user_func(Array, Object(CakeEvent))
#14 /var/www/test.dev/cakebackend/lib/Cake/Controller/Controller.php(676): CakeEventManager->dispatch(Object(CakeEvent))
#15 /var/www/test.dev/cakebackend/lib/Cake/Routing/Dispatcher.php(189): Controller->startupProcess()
#16 /var/www/test.dev/cakebackend/lib/Cake/Routing/Dispatcher.php(167): Dispatcher->_invoke(Object(PagesController), Object(CakeRequest))
#17 /var/www/test.dev/cakebackend/app/webroot/index.php(118): Dispatcher->dispatch(Object(CakeRequest), Object(CakeResponse))
#18 {main}
2015-05-05 19:43:26 Error: [MissingControllerException] Controller class AuthController could not be found.
Exception Attributes: array (
  'class' => 'AuthController',
  'plugin' => NULL,
)
Request URL: /auth/authake/user/login
Stack Trace:
#0 /var/www/test.dev/cakebackend/app/webroot/index.php(118): Dispatcher->dispatch(Object(CakeRequest), Object(CakeResponse))
#1 {main}
2015-05-05 19:45:45 Error: [MissingControllerException] Controller class UsersController could not be found.
Exception Attributes: array (
  'class' => 'UsersController',
  'plugin' => NULL,
)
Request URL: /users/login
Stack Trace:
#0 /var/www/test.dev/cakebackend/app/webroot/index.php(118): Dispatcher->dispatch(Object(CakeRequest), Object(CakeResponse))
#1 {main}
2015-05-05 19:45:54 Error: [MissingControllerException] Controller class AuthController could not be found.
Exception Attributes: array (
  'class' => 'AuthController',
  'plugin' => NULL,
)
Request URL: /auth/
Stack Trace:
#0 /var/www/test.dev/cakebackend/app/webroot/index.php(118): Dispatcher->dispatch(Object(CakeRequest), Object(CakeResponse))
#1 {main}
2015-05-05 19:45:58 Error: [MissingControllerException] Controller class AuthController could not be found.
Exception Attributes: array (
  'class' => 'AuthController',
  'plugin' => NULL,
)
Request URL: /auth/login
Stack Trace:
#0 /var/www/test.dev/cakebackend/app/webroot/index.php(118): Dispatcher->dispatch(Object(CakeRequest), Object(CakeResponse))
#1 {main}
2015-05-05 19:46:07 Error: [MissingControllerException] Controller class AuthController could not be found.
Exception Attributes: array (
  'class' => 'AuthController',
  'plugin' => NULL,
)
Request URL: /auth/logout
Stack Trace:
#0 /var/www/test.dev/cakebackend/app/webroot/index.php(118): Dispatcher->dispatch(Object(CakeRequest), Object(CakeResponse))
#1 {main}
2015-05-05 19:47:10 Error: [MissingControllerException] Controller class AuthController could not be found.
Exception Attributes: array (
  'class' => 'AuthController',
  'plugin' => NULL,
)
Request URL: /auth/authake/user/logout
Stack Trace:
#0 /var/www/test.dev/cakebackend/app/webroot/index.php(118): Dispatcher->dispatch(Object(CakeRequest), Object(CakeResponse))
#1 {main}
2015-05-05 19:47:16 Error: [MissingControllerException] Controller class AuthController could not be found.
Exception Attributes: array (
  'class' => 'AuthController',
  'plugin' => NULL,
)
Request URL: /auth/authake/user/logout
Stack Trace:
#0 /var/www/test.dev/cakebackend/app/webroot/index.php(118): Dispatcher->dispatch(Object(CakeRequest), Object(CakeResponse))
#1 {main}
2015-05-05 19:47:37 Error: [MissingControllerException] Controller class AuthController could not be found.
Exception Attributes: array (
  'class' => 'AuthController',
  'plugin' => NULL,
)
Request URL: /auth/authake/user/login
Stack Trace:
#0 /var/www/test.dev/cakebackend/app/webroot/index.php(118): Dispatcher->dispatch(Object(CakeRequest), Object(CakeResponse))
#1 {main}
2015-05-05 19:48:19 Error: [SocketException] 
Request URL: /authake/user/register
Stack Trace:
#0 /var/www/test.dev/cakebackend/lib/Cake/Network/Email/MailTransport.php(51): MailTransport->_mail('tizpeople@gmail...', 'Your registrati...', '<!DOCTYPE HTML ...', 'From: noreply@e...', NULL)
#1 /var/www/test.dev/cakebackend/lib/Cake/Network/Email/CakeEmail.php(1161): MailTransport->send(Object(CakeEmail))
#2 /var/www/test.dev/cakebackend/app/Plugin/Authake/Controller/UserController.php(241): CakeEmail->send()
#3 [internal function]: UserController->register()
#4 /var/www/test.dev/cakebackend/lib/Cake/Controller/Controller.php(490): ReflectionMethod->invokeArgs(Object(UserController), Array)
#5 /var/www/test.dev/cakebackend/lib/Cake/Routing/Dispatcher.php(193): Controller->invokeAction(Object(CakeRequest))
#6 /var/www/test.dev/cakebackend/lib/Cake/Routing/Dispatcher.php(167): Dispatcher->_invoke(Object(UserController), Object(CakeRequest))
#7 /var/www/test.dev/cakebackend/app/webroot/index.php(118): Dispatcher->dispatch(Object(CakeRequest), Object(CakeResponse))
#8 {main}
2015-05-05 19:53:45 Error: [MissingControllerException] Controller class Users*Controller could not be found.
Exception Attributes: array (
  'class' => 'Users*Controller',
  'plugin' => 'Authake',
)
Request URL: /authake/users*
Stack Trace:
#0 /var/www/test.dev/cakebackend/app/webroot/index.php(118): Dispatcher->dispatch(Object(CakeRequest), Object(CakeResponse))
#1 {main}
2015-05-05 19:59:32 Error: [MissingControllerException] Controller class AuthController could not be found.
Exception Attributes: array (
  'class' => 'AuthController',
  'plugin' => NULL,
)
Request URL: /auth/login
Stack Trace:
#0 /var/www/test.dev/cakebackend/app/webroot/index.php(118): Dispatcher->dispatch(Object(CakeRequest), Object(CakeResponse))
#1 {main}
2015-05-05 19:59:46 Error: [MissingControllerException] Controller class AuthController could not be found.
Exception Attributes: array (
  'class' => 'AuthController',
  'plugin' => NULL,
)
Request URL: /auth/login
Stack Trace:
#0 /var/www/test.dev/cakebackend/app/webroot/index.php(118): Dispatcher->dispatch(Object(CakeRequest), Object(CakeResponse))
#1 {main}
2015-05-05 19:59:53 Error: [MissingControllerException] Controller class AuthController could not be found.
Exception Attributes: array (
  'class' => 'AuthController',
  'plugin' => NULL,
)
Request URL: /auth/authake/user/login
Stack Trace:
#0 /var/www/test.dev/cakebackend/app/webroot/index.php(118): Dispatcher->dispatch(Object(CakeRequest), Object(CakeResponse))
#1 {main}
2015-05-05 20:00:13 Error: [MissingControllerException] Controller class AuthController could not be found.
Exception Attributes: array (
  'class' => 'AuthController',
  'plugin' => NULL,
)
Request URL: /auth/authake/user/login
Stack Trace:
#0 /var/www/test.dev/cakebackend/app/webroot/index.php(118): Dispatcher->dispatch(Object(CakeRequest), Object(CakeResponse))
#1 {main}
2015-05-05 20:07:39 Error: [MissingControllerException] Controller class LogoutController could not be found.
Exception Attributes: array (
  'class' => 'LogoutController',
  'plugin' => 'Authake',
)
Request URL: /authake/logout
Stack Trace:
#0 /var/www/test.dev/cakebackend/app/webroot/index.php(118): Dispatcher->dispatch(Object(CakeRequest), Object(CakeResponse))
#1 {main}
2015-05-05 20:08:35 Error: [MissingControllerException] Controller class LogoutController could not be found.
Exception Attributes: array (
  'class' => 'LogoutController',
  'plugin' => NULL,
)
Request URL: /logout
Stack Trace:
#0 /var/www/test.dev/cakebackend/app/webroot/index.php(118): Dispatcher->dispatch(Object(CakeRequest), Object(CakeResponse))
#1 {main}
2015-05-05 20:08:42 Error: [MissingControllerException] Controller class LogoutController could not be found.
Exception Attributes: array (
  'class' => 'LogoutController',
  'plugin' => 'Authake',
)
Request URL: /authake/logout
Stack Trace:
#0 /var/www/test.dev/cakebackend/app/webroot/index.php(118): Dispatcher->dispatch(Object(CakeRequest), Object(CakeResponse))
#1 {main}
2015-05-05 20:09:36 Error: [MissingControllerException] Controller class AuthController could not be found.
Exception Attributes: array (
  'class' => 'AuthController',
  'plugin' => NULL,
)
Request URL: /auth/
Stack Trace:
#0 /var/www/test.dev/cakebackend/app/webroot/index.php(118): Dispatcher->dispatch(Object(CakeRequest), Object(CakeResponse))
#1 {main}
2015-05-05 20:09:43 Error: [MissingControllerException] Controller class AuthController could not be found.
Exception Attributes: array (
  'class' => 'AuthController',
  'plugin' => NULL,
)
Request URL: /auth/logout
Stack Trace:
#0 /var/www/test.dev/cakebackend/app/webroot/index.php(118): Dispatcher->dispatch(Object(CakeRequest), Object(CakeResponse))
#1 {main}
2015-05-05 20:10:40 Error: [MissingControllerException] Controller class AuthController could not be found.
Exception Attributes: array (
  'class' => 'AuthController',
  'plugin' => NULL,
)
Request URL: /auth/authake/user/login
Stack Trace:
#0 /var/www/test.dev/cakebackend/app/webroot/index.php(118): Dispatcher->dispatch(Object(CakeRequest), Object(CakeResponse))
#1 {main}
2015-05-05 20:10:44 Error: [MissingControllerException] Controller class AuthController could not be found.
Exception Attributes: array (
  'class' => 'AuthController',
  'plugin' => NULL,
)
Request URL: /auth/authake/user/login
Stack Trace:
#0 /var/www/test.dev/cakebackend/app/webroot/index.php(118): Dispatcher->dispatch(Object(CakeRequest), Object(CakeResponse))
#1 {main}
2015-05-05 20:11:06 Error: [MissingControllerException] Controller class UsersController could not be found.
Exception Attributes: array (
  'class' => 'UsersController',
  'plugin' => NULL,
)
Request URL: /users
Stack Trace:
#0 /var/www/test.dev/cakebackend/app/webroot/index.php(118): Dispatcher->dispatch(Object(CakeRequest), Object(CakeResponse))
#1 {main}
2015-05-05 20:11:14 Error: [MissingControllerException] Controller class AuthController could not be found.
Exception Attributes: array (
  'class' => 'AuthController',
  'plugin' => NULL,
)
Request URL: /auth
Stack Trace:
#0 /var/www/test.dev/cakebackend/app/webroot/index.php(118): Dispatcher->dispatch(Object(CakeRequest), Object(CakeResponse))
#1 {main}
2015-05-05 20:13:23 Error: [MissingControllerException] Controller class UsersController could not be found.
Exception Attributes: array (
  'class' => 'UsersController',
  'plugin' => NULL,
)
Request URL: /users/register
Stack Trace:
#0 /var/www/test.dev/cakebackend/app/webroot/index.php(118): Dispatcher->dispatch(Object(CakeRequest), Object(CakeResponse))
#1 {main}
2015-05-05 20:13:31 Error: [MissingControllerException] Controller class UsersController could not be found.
Exception Attributes: array (
  'class' => 'UsersController',
  'plugin' => NULL,
)
Request URL: /users/register
Stack Trace:
#0 /var/www/test.dev/cakebackend/app/webroot/index.php(118): Dispatcher->dispatch(Object(CakeRequest), Object(CakeResponse))
#1 {main}
